<?xml version="1.0" encoding="UTF-8"?>
<!-- Generated by org.testng.reporters.JUnitReportReporter -->
<testsuite hostname="Sayid" failures="0" tests="2" name="com.Rokomari.tests.OrderPageTest" time="0.057" errors="0" timestamp="2023-09-20T12:06:14 BDT" skipped="0">
  <testcase classname="com.Rokomari.tests.OrderPageTest" name="FilterCheckbox" time="0.042"/>
  <testcase classname="com.Rokomari.tests.OrderPageTest" name="SingOut" time="0.015"/>
</testsuite> <!-- com.Rokomari.tests.OrderPageTest -->
