<?xml version="1.0" encoding="UTF-8"?>
<!-- Generated by org.testng.reporters.JUnitReportReporter -->
<testsuite hostname="Sayid" failures="0" tests="4" name="com.Rokomari.tests.WriterPageTest" time="0.055" errors="0" timestamp="2023-09-20T12:06:14 BDT" skipped="0">
  <testcase classname="com.Rokomari.tests.WriterPageTest" name="NextPage" time="0.014"/>
  <testcase classname="com.Rokomari.tests.WriterPageTest" name="Checbox" time="0.011"/>
  <testcase classname="com.Rokomari.tests.WriterPageTest" name="Cart" time="0.015"/>
  <testcase classname="com.Rokomari.tests.WriterPageTest" name="AddCart" time="0.015"/>
</testsuite> <!-- com.Rokomari.tests.WriterPageTest -->
