<?xml version="1.0" encoding="UTF-8"?>
<!-- Generated by org.testng.reporters.JUnitReportReporter -->
<testsuite hostname="Sayid" failures="0" tests="4" name="com.Rokomari.tests.SignInWithGoogleTest" time="12.011" errors="0" timestamp="2023-09-20T12:06:14 BDT" skipped="0">
  <testcase classname="com.Rokomari.tests.SignInWithGoogleTest" name="SignInWithGooglePOpUp" time="6.845"/>
  <testcase classname="com.Rokomari.tests.SignInWithGoogleTest" name="SignInButton" time="0.036"/>
  <testcase classname="com.Rokomari.tests.SignInWithGoogleTest" name="SignInWithGoogleButton" time="0.051"/>
  <testcase classname="com.Rokomari.tests.SignInWithGoogleTest" name="SignIn" time="5.079"/>
</testsuite> <!-- com.Rokomari.tests.SignInWithGoogleTest -->
