<?xml version="1.0" encoding="UTF-8"?>
<!-- Generated by org.testng.reporters.JUnitReportReporter -->
<testsuite hostname="Sayid" failures="0" tests="1" name="com.Rokomari.tests.HomePageTest" time="0.026" errors="0" timestamp="2023-09-20T12:06:14 BDT" skipped="0">
  <testcase classname="com.Rokomari.tests.HomePageTest" name="LekhokButton" time="0.026"/>
</testsuite> <!-- com.Rokomari.tests.HomePageTest -->
