<?xml version="1.0" encoding="UTF-8"?>
<!-- Generated by org.testng.reporters.JUnitReportReporter -->
<testsuite hostname="Sayid" failures="0" tests="3" name="com.Rokomari.tests.WriiterPageTest" time="8.382" errors="0" timestamp="2023-09-19T12:54:20 BDT" skipped="0">
  <testcase classname="com.Rokomari.tests.WriiterPageTest" name="FilterCheckbox" time="1.154"/>
  <testcase classname="com.Rokomari.tests.WriiterPageTest" name="PaginationButton" time="5.066"/>
  <testcase classname="com.Rokomari.tests.WriiterPageTest" name="AddCart" time="2.162"/>
</testsuite> <!-- com.Rokomari.tests.WriiterPageTest -->
